1620200624892	geckodriver	INFO	Listening on 127.0.0.1:52895
1620200624906	mozrunner::runner	INFO	Running command: "/usr/bin/firefox" "--marionette" "-foreground" "-no-remote" "-profile" "/tmp/rust_mozprofilexh88wH"
1620200625576	Marionette	INFO	Marionette enabled
console.warn: SearchSettings: "get: No settings file exists, new profile?" (new Error("", "(unknown module)"))
1620200628015	Marionette	INFO	Listening on port 43223
1620200628140	Marionette	WARN	TLS certificate errors will be ignored for this session
1620200644431	geckodriver	INFO	Listening on 127.0.0.1:52135
1620200644436	mozrunner::runner	INFO	Running command: "/usr/bin/firefox" "--marionette" "-foreground" "-no-remote" "-profile" "/tmp/rust_mozprofileLvMPsn"
1620200644937	Marionette	INFO	Marionette enabled
console.warn: SearchSettings: "get: No settings file exists, new profile?" (new Error("", "(unknown module)"))
1620200647155	Marionette	INFO	Listening on port 39235
1620200647260	Marionette	WARN	TLS certificate errors will be ignored for this session
1620200650317	Marionette	INFO	Stopped listening on port 39235
JavaScript error: resource://gre/modules/UrlClassifierListManager.jsm, line 691: TypeError: this.tablesData[table] is undefined
1620200652080	Marionette	INFO	Stopped listening on port 43223
1620201708674	geckodriver	INFO	Listening on 127.0.0.1:37661
1620201708680	mozrunner::runner	INFO	Running command: "/usr/bin/firefox" "--marionette" "-foreground" "-no-remote" "-profile" "/tmp/rust_mozprofileUc2y5L"
1620201709217	Marionette	INFO	Marionette enabled
console.warn: SearchSettings: "get: No settings file exists, new profile?" (new Error("", "(unknown module)"))
1620201711494	Marionette	INFO	Listening on port 42779
1620201711614	Marionette	WARN	TLS certificate errors will be ignored for this session
1620201768227	geckodriver	INFO	Listening on 127.0.0.1:33431
1620201768233	mozrunner::runner	INFO	Running command: "/usr/bin/firefox" "--marionette" "-foreground" "-no-remote" "-profile" "/tmp/rust_mozprofileC5nMrh"
1620201768750	Marionette	INFO	Marionette enabled
console.warn: SearchSettings: "get: No settings file exists, new profile?" (new Error("", "(unknown module)"))
1620201771120	Marionette	INFO	Listening on port 40387
1620201771160	Marionette	WARN	TLS certificate errors will be ignored for this session
1620201789710	Marionette	INFO	Stopped listening on port 40387
1620201792049	geckodriver	INFO	Listening on 127.0.0.1:52641
1620201792055	mozrunner::runner	INFO	Running command: "/usr/bin/firefox" "--marionette" "-foreground" "-no-remote" "-profile" "/tmp/rust_mozprofileFR17DZ"
1620201792617	Marionette	INFO	Marionette enabled
console.warn: SearchSettings: "get: No settings file exists, new profile?" (new Error("", "(unknown module)"))
1620201794371	Marionette	INFO	Listening on port 35019
1620201794478	Marionette	WARN	TLS certificate errors will be ignored for this session
1620201817657	geckodriver	INFO	Listening on 127.0.0.1:55811
1620201817663	mozrunner::runner	INFO	Running command: "/usr/bin/firefox" "--marionette" "-foreground" "-no-remote" "-profile" "/tmp/rust_mozprofileWWHQKQ"
1620201818174	Marionette	INFO	Marionette enabled
console.warn: SearchSettings: "get: No settings file exists, new profile?" (new Error("", "(unknown module)"))
1620201820526	Marionette	INFO	Listening on port 45825
1620201820589	Marionette	WARN	TLS certificate errors will be ignored for this session
1620201823230	Marionette	INFO	Stopped listening on port 45825
1620201866646	geckodriver	INFO	Listening on 127.0.0.1:56403
1620201866652	mozrunner::runner	INFO	Running command: "/usr/bin/firefox" "--marionette" "-foreground" "-no-remote" "-profile" "/tmp/rust_mozprofilelIyZkt"
1620201867153	Marionette	INFO	Marionette enabled
console.warn: SearchSettings: "get: No settings file exists, new profile?" (new Error("", "(unknown module)"))
1620201869349	Marionette	INFO	Listening on port 38363
1620201869378	Marionette	WARN	TLS certificate errors will be ignored for this session
1620201872267	Marionette	INFO	Stopped listening on port 38363
1620202023989	Marionette	INFO	Stopped listening on port 35019
1620202027901	Marionette	INFO	Stopped listening on port 42779
1620202250702	geckodriver	INFO	Listening on 127.0.0.1:47683
1620202250707	mozrunner::runner	INFO	Running command: "/usr/bin/firefox" "--marionette" "-foreground" "-no-remote" "-profile" "/tmp/rust_mozprofile0wFvNF"
1620202251224	Marionette	INFO	Marionette enabled
console.warn: SearchSettings: "get: No settings file exists, new profile?" (new Error("", "(unknown module)"))
1620202253447	Marionette	INFO	Listening on port 46677
1620202253537	Marionette	WARN	TLS certificate errors will be ignored for this session
1620202256805	Marionette	INFO	Stopped listening on port 46677
1620202316462	geckodriver	INFO	Listening on 127.0.0.1:39705
1620202316475	mozrunner::runner	INFO	Running command: "/usr/bin/firefox" "--marionette" "-foreground" "-no-remote" "-profile" "/tmp/rust_mozprofileXUcdHn"
1620202317032	Marionette	INFO	Marionette enabled
console.warn: SearchSettings: "get: No settings file exists, new profile?" (new Error("", "(unknown module)"))
1620202319202	Marionette	INFO	Listening on port 38323
1620202319309	Marionette	WARN	TLS certificate errors will be ignored for this session
1620202333213	Marionette	INFO	Stopped listening on port 38323

###!!! [Parent][RunMessage] Error: Channel closing: too late to send/recv, messages will be lost

1620202395146	geckodriver	INFO	Listening on 127.0.0.1:57373
1620202395152	mozrunner::runner	INFO	Running command: "/usr/bin/firefox" "--marionette" "-foreground" "-no-remote" "-profile" "/tmp/rust_mozprofiled5SeY4"
1620202395669	Marionette	INFO	Marionette enabled
console.warn: SearchSettings: "get: No settings file exists, new profile?" (new Error("", "(unknown module)"))
1620202397489	Marionette	INFO	Listening on port 37809
1620202397573	Marionette	WARN	TLS certificate errors will be ignored for this session
1620202430738	geckodriver	INFO	Listening on 127.0.0.1:41179
1620202430743	mozrunner::runner	INFO	Running command: "/usr/bin/firefox" "--marionette" "-foreground" "-no-remote" "-profile" "/tmp/rust_mozprofileq4mNRR"
1620202431248	Marionette	INFO	Marionette enabled
console.warn: SearchSettings: "get: No settings file exists, new profile?" (new Error("", "(unknown module)"))
1620202433513	Marionette	INFO	Listening on port 46851
1620202433569	Marionette	WARN	TLS certificate errors will be ignored for this session
1620202435659	Marionette	INFO	Stopped listening on port 46851
1620202458121	geckodriver	INFO	Listening on 127.0.0.1:41465
1620202458127	mozrunner::runner	INFO	Running command: "/usr/bin/firefox" "--marionette" "-foreground" "-no-remote" "-profile" "/tmp/rust_mozprofileFtiecM"
1620202458657	Marionette	INFO	Marionette enabled
console.warn: SearchSettings: "get: No settings file exists, new profile?" (new Error("", "(unknown module)"))
1620202460757	Marionette	INFO	Listening on port 45583
1620202460848	Marionette	WARN	TLS certificate errors will be ignored for this session
1620202462755	Marionette	INFO	Stopped listening on port 45583

###!!! [Parent][RunMessage] Error: Channel closing: too late to send/recv, messages will be lost

1620202597096	geckodriver	INFO	Listening on 127.0.0.1:56531
1620202597102	mozrunner::runner	INFO	Running command: "/usr/bin/firefox" "--marionette" "-foreground" "-no-remote" "-profile" "/tmp/rust_mozprofilemBgVdH"
1620202597625	Marionette	INFO	Marionette enabled
console.warn: SearchSettings: "get: No settings file exists, new profile?" (new Error("", "(unknown module)"))
1620202599884	Marionette	INFO	Listening on port 34321
1620202599928	Marionette	WARN	TLS certificate errors will be ignored for this session
1620202601915	Marionette	INFO	Stopped listening on port 34321
1620202619961	Marionette	INFO	Stopped listening on port 37809
1620202621960	geckodriver	INFO	Listening on 127.0.0.1:38743
1620202621965	mozrunner::runner	INFO	Running command: "/usr/bin/firefox" "--marionette" "-foreground" "-no-remote" "-profile" "/tmp/rust_mozprofilegj7WLn"
1620202622479	Marionette	INFO	Marionette enabled
console.warn: SearchSettings: "get: No settings file exists, new profile?" (new Error("", "(unknown module)"))
1620202624763	Marionette	INFO	Listening on port 36455
1620202624789	Marionette	WARN	TLS certificate errors will be ignored for this session
1620202710519	geckodriver	INFO	Listening on 127.0.0.1:34971
1620202710524	mozrunner::runner	INFO	Running command: "/usr/bin/firefox" "--marionette" "-foreground" "-no-remote" "-profile" "/tmp/rust_mozprofile0TIOdW"
1620202711098	Marionette	INFO	Marionette enabled
console.warn: SearchSettings: "get: No settings file exists, new profile?" (new Error("", "(unknown module)"))
1620202713348	Marionette	INFO	Listening on port 45411
1620202713446	Marionette	WARN	TLS certificate errors will be ignored for this session
1620202717517	Marionette	INFO	Stopped listening on port 45411
JavaScript error: resource:///modules/FaviconLoader.jsm, line 596: InvalidStateError: JSWindowActorChild.sendAsyncMessage: JSWindowActorChild cannot send at the moment
JavaScript error: resource:///modules/FaviconLoader.jsm, line 596: InvalidStateError: JSWindowActorChild.sendAsyncMessage: JSWindowActorChild cannot send at the moment

###!!! [Child][RunMessage] Error: Channel closing: too late to send/recv, messages will be lost

1620202798615	geckodriver	INFO	Listening on 127.0.0.1:43815
1620202798621	mozrunner::runner	INFO	Running command: "/usr/bin/firefox" "--marionette" "-foreground" "-no-remote" "-profile" "/tmp/rust_mozprofilej9llcv"
1620202799152	Marionette	INFO	Marionette enabled
console.warn: SearchSettings: "get: No settings file exists, new profile?" (new Error("", "(unknown module)"))
1620202801267	Marionette	INFO	Listening on port 46669
1620202801346	Marionette	WARN	TLS certificate errors will be ignored for this session
1620202805131	Marionette	INFO	Stopped listening on port 46669
1620202813929	geckodriver	INFO	Listening on 127.0.0.1:52159
1620202813935	mozrunner::runner	INFO	Running command: "/usr/bin/firefox" "--marionette" "-foreground" "-no-remote" "-profile" "/tmp/rust_mozprofilewWhVMj"
1620202814454	Marionette	INFO	Marionette enabled
console.warn: SearchSettings: "get: No settings file exists, new profile?" (new Error("", "(unknown module)"))
1620202816719	Marionette	INFO	Listening on port 36911
1620202816758	Marionette	WARN	TLS certificate errors will be ignored for this session
1620202821865	Marionette	INFO	Stopped listening on port 36911
1620202849826	Marionette	INFO	Stopped listening on port 36455
1620202852640	geckodriver	INFO	Listening on 127.0.0.1:51123
1620202852646	mozrunner::runner	INFO	Running command: "/usr/bin/firefox" "--marionette" "-foreground" "-no-remote" "-profile" "/tmp/rust_mozprofileIJacNR"
1620202853185	Marionette	INFO	Marionette enabled
console.warn: SearchSettings: "get: No settings file exists, new profile?" (new Error("", "(unknown module)"))
1620202855449	Marionette	INFO	Listening on port 36753
1620202855491	Marionette	WARN	TLS certificate errors will be ignored for this session
1620202860756	Marionette	INFO	Stopped listening on port 36753
1620202866160	geckodriver	INFO	Listening on 127.0.0.1:41707
1620202866165	mozrunner::runner	INFO	Running command: "/usr/bin/firefox" "--marionette" "-foreground" "-no-remote" "-profile" "/tmp/rust_mozprofileuT7DT6"
1620202866726	Marionette	INFO	Marionette enabled
console.warn: SearchSettings: "get: No settings file exists, new profile?" (new Error("", "(unknown module)"))
1620202868939	Marionette	INFO	Listening on port 37301
1620202868988	Marionette	WARN	TLS certificate errors will be ignored for this session
1620202873837	Marionette	INFO	Stopped listening on port 37301
1620202881577	geckodriver	INFO	Listening on 127.0.0.1:44301
1620202881582	mozrunner::runner	INFO	Running command: "/usr/bin/firefox" "--marionette" "-foreground" "-no-remote" "-profile" "/tmp/rust_mozprofile63ifqR"
1620202882104	Marionette	INFO	Marionette enabled
console.warn: SearchSettings: "get: No settings file exists, new profile?" (new Error("", "(unknown module)"))
1620202884353	Marionette	INFO	Listening on port 40037
1620202884413	Marionette	WARN	TLS certificate errors will be ignored for this session
1620202890496	Marionette	INFO	Stopped listening on port 40037

###!!! [Parent][RunMessage] Error: Channel closing: too late to send/recv, messages will be lost

1620202902625	geckodriver	INFO	Listening on 127.0.0.1:52843
1620202902631	mozrunner::runner	INFO	Running command: "/usr/bin/firefox" "--marionette" "-foreground" "-no-remote" "-profile" "/tmp/rust_mozprofileLEk9cw"
1620202903148	Marionette	INFO	Marionette enabled
console.warn: SearchSettings: "get: No settings file exists, new profile?" (new Error("", "(unknown module)"))
1620202905589	Marionette	INFO	Listening on port 46881
1620202905658	Marionette	WARN	TLS certificate errors will be ignored for this session
1620202953045	Marionette	INFO	Stopped listening on port 46881
1620202972033	geckodriver	INFO	Listening on 127.0.0.1:41949
1620202972039	mozrunner::runner	INFO	Running command: "/usr/bin/firefox" "--marionette" "-foreground" "-no-remote" "-profile" "/tmp/rust_mozprofileSdLcO3"
1620202972587	Marionette	INFO	Marionette enabled
console.warn: SearchSettings: "get: No settings file exists, new profile?" (new Error("", "(unknown module)"))
1620202974825	Marionette	INFO	Listening on port 38793
1620202974864	Marionette	WARN	TLS certificate errors will be ignored for this session
1620203005178	geckodriver	INFO	Listening on 127.0.0.1:46839
1620203005183	mozrunner::runner	INFO	Running command: "/usr/bin/firefox" "--marionette" "-foreground" "-no-remote" "-profile" "/tmp/rust_mozprofileTHAnLM"
1620203005701	Marionette	INFO	Marionette enabled
console.warn: SearchSettings: "get: No settings file exists, new profile?" (new Error("", "(unknown module)"))
1620203007881	Marionette	INFO	Listening on port 40871
1620203007915	Marionette	WARN	TLS certificate errors will be ignored for this session
1620203167061	Marionette	INFO	Stopped listening on port 40871
1620203169822	Marionette	INFO	Stopped listening on port 38793
1620203172090	geckodriver	INFO	Listening on 127.0.0.1:39505
1620203172095	mozrunner::runner	INFO	Running command: "/usr/bin/firefox" "--marionette" "-foreground" "-no-remote" "-profile" "/tmp/rust_mozprofilecfOW76"
1620203172660	Marionette	INFO	Marionette enabled
console.warn: SearchSettings: "get: No settings file exists, new profile?" (new Error("", "(unknown module)"))
1620203174830	Marionette	INFO	Listening on port 42869
1620203174920	Marionette	WARN	TLS certificate errors will be ignored for this session
1620203196167	Marionette	INFO	Stopped listening on port 42869
1620203197721	geckodriver	INFO	Listening on 127.0.0.1:49775
1620203197727	mozrunner::runner	INFO	Running command: "/usr/bin/firefox" "--marionette" "-foreground" "-no-remote" "-profile" "/tmp/rust_mozprofile523Sp6"
1620203198243	Marionette	INFO	Marionette enabled
console.warn: SearchSettings: "get: No settings file exists, new profile?" (new Error("", "(unknown module)"))
1620203200339	Marionette	INFO	Listening on port 38743
1620203200462	Marionette	WARN	TLS certificate errors will be ignored for this session
1620203219648	Marionette	INFO	Stopped listening on port 38743
1620203488026	geckodriver	INFO	Listening on 127.0.0.1:51407
1620203488031	mozrunner::runner	INFO	Running command: "/usr/bin/firefox" "--marionette" "-foreground" "-no-remote" "-profile" "/tmp/rust_mozprofile2KhPKt"
1620203488540	Marionette	INFO	Marionette enabled
console.warn: SearchSettings: "get: No settings file exists, new profile?" (new Error("", "(unknown module)"))
1620203490778	Marionette	INFO	Listening on port 38087
1620203490861	Marionette	WARN	TLS certificate errors will be ignored for this session
1620203514414	Marionette	INFO	Stopped listening on port 38087
1620203517657	geckodriver	INFO	Listening on 127.0.0.1:33273
1620203517662	mozrunner::runner	INFO	Running command: "/usr/bin/firefox" "--marionette" "-foreground" "-no-remote" "-profile" "/tmp/rust_mozprofile5qwD4w"
1620203518172	Marionette	INFO	Marionette enabled
console.warn: SearchSettings: "get: No settings file exists, new profile?" (new Error("", "(unknown module)"))
1620203520822	Marionette	INFO	Listening on port 44647
1620203520894	Marionette	WARN	TLS certificate errors will be ignored for this session
1620203533137	Marionette	INFO	Stopped listening on port 44647
1620203656296	geckodriver	INFO	Listening on 127.0.0.1:36289
1620203656301	mozrunner::runner	INFO	Running command: "/usr/bin/firefox" "--marionette" "-foreground" "-no-remote" "-profile" "/tmp/rust_mozprofileZlA5yq"
1620203656814	Marionette	INFO	Marionette enabled
console.warn: SearchSettings: "get: No settings file exists, new profile?" (new Error("", "(unknown module)"))
1620203659069	Marionette	INFO	Listening on port 35357
1620203659132	Marionette	WARN	TLS certificate errors will be ignored for this session
1620203793598	geckodriver	INFO	Listening on 127.0.0.1:41325
1620203793606	mozrunner::runner	INFO	Running command: "/usr/bin/firefox" "--marionette" "-foreground" "-no-remote" "-profile" "/tmp/rust_mozprofileu46xfq"
1620203794118	Marionette	INFO	Marionette enabled
console.warn: SearchSettings: "get: No settings file exists, new profile?" (new Error("", "(unknown module)"))
1620203796303	Marionette	INFO	Listening on port 40943
1620203796369	Marionette	WARN	TLS certificate errors will be ignored for this session
1620203808737	Marionette	INFO	Stopped listening on port 40943
1620203811357	Marionette	INFO	Stopped listening on port 35357
1620203814269	geckodriver	INFO	Listening on 127.0.0.1:41001
1620203814275	mozrunner::runner	INFO	Running command: "/usr/bin/firefox" "--marionette" "-foreground" "-no-remote" "-profile" "/tmp/rust_mozprofileGJu6kl"
1620203814786	Marionette	INFO	Marionette enabled
console.warn: SearchSettings: "get: No settings file exists, new profile?" (new Error("", "(unknown module)"))
1620203817204	Marionette	INFO	Listening on port 42903
1620203817303	Marionette	WARN	TLS certificate errors will be ignored for this session
1620203833230	Marionette	INFO	Stopped listening on port 42903
1620203883697	geckodriver	INFO	Listening on 127.0.0.1:57041
1620203883702	mozrunner::runner	INFO	Running command: "/usr/bin/firefox" "--marionette" "-foreground" "-no-remote" "-profile" "/tmp/rust_mozprofilevRir8L"
1620203884206	Marionette	INFO	Marionette enabled
console.warn: SearchSettings: "get: No settings file exists, new profile?" (new Error("", "(unknown module)"))
1620203886283	Marionette	INFO	Listening on port 33585
1620203886326	Marionette	WARN	TLS certificate errors will be ignored for this session
1620203895762	Marionette	INFO	Stopped listening on port 33585
1620204920828	geckodriver	INFO	Listening on 127.0.0.1:51835
1620204920833	mozrunner::runner	INFO	Running command: "/usr/bin/firefox" "--marionette" "-foreground" "-no-remote" "-profile" "/tmp/rust_mozprofiletg2Ugz"
1620204921355	Marionette	INFO	Marionette enabled
console.warn: SearchSettings: "get: No settings file exists, new profile?" (new Error("", "(unknown module)"))
1620204923597	Marionette	INFO	Listening on port 43103
1620204923665	Marionette	WARN	TLS certificate errors will be ignored for this session
Exiting due to channel error.
Exiting due to channel error.
Exiting due to channel error.
1620206345949	geckodriver	INFO	Listening on 127.0.0.1:38733
1620206345955	mozrunner::runner	INFO	Running command: "/usr/bin/firefox" "--marionette" "-foreground" "-no-remote" "-profile" "/tmp/rust_mozprofileKOZ5Co"
1620206346464	Marionette	INFO	Marionette enabled
console.warn: SearchSettings: "get: No settings file exists, new profile?" (new Error("", "(unknown module)"))
1620206348752	Marionette	INFO	Listening on port 46503
1620206348788	Marionette	WARN	TLS certificate errors will be ignored for this session
1620206402545	Marionette	INFO	Stopped listening on port 46503
1620206405073	geckodriver	INFO	Listening on 127.0.0.1:39845
1620206405079	mozrunner::runner	INFO	Running command: "/usr/bin/firefox" "--marionette" "-foreground" "-no-remote" "-profile" "/tmp/rust_mozprofilekxvd2T"
1620206405587	Marionette	INFO	Marionette enabled
console.warn: SearchSettings: "get: No settings file exists, new profile?" (new Error("", "(unknown module)"))
1620206407822	Marionette	INFO	Listening on port 40631
1620206407908	Marionette	WARN	TLS certificate errors will be ignored for this session
1620206434565	geckodriver	INFO	Listening on 127.0.0.1:58203
1620206434579	mozrunner::runner	INFO	Running command: "/usr/bin/firefox" "--marionette" "-foreground" "-no-remote" "-profile" "/tmp/rust_mozprofileePQxL0"
1620206435112	Marionette	INFO	Marionette enabled
console.warn: SearchSettings: "get: No settings file exists, new profile?" (new Error("", "(unknown module)"))
1620206437341	Marionette	INFO	Listening on port 35013
1620206437408	Marionette	WARN	TLS certificate errors will be ignored for this session
1620206440246	Marionette	INFO	Stopped listening on port 35013
1620206440617	geckodriver	INFO	Listening on 127.0.0.1:37559
1620206440623	mozrunner::runner	INFO	Running command: "/usr/bin/firefox" "--marionette" "-foreground" "-no-remote" "-profile" "/tmp/rust_mozprofileXG9uEe"
1620206441328	Marionette	INFO	Marionette enabled
console.warn: SearchSettings: "get: No settings file exists, new profile?" (new Error("", "(unknown module)"))
1620206443120	Marionette	INFO	Listening on port 42893
1620206443156	Marionette	WARN	TLS certificate errors will be ignored for this session
1620206443519	Marionette	INFO	Stopped listening on port 42893
1620206444261	Marionette	INFO	Stopped listening on port 40631

###!!! [Parent][RunMessage] Error: Channel closing: too late to send/recv, messages will be lost

1620206444791	geckodriver	INFO	Listening on 127.0.0.1:57429
1620206444795	mozrunner::runner	INFO	Running command: "/usr/bin/firefox" "--marionette" "-foreground" "-no-remote" "-profile" "/tmp/rust_mozprofileS0SJjo"
1620206445314	Marionette	INFO	Marionette enabled
console.warn: SearchSettings: "get: No settings file exists, new profile?" (new Error("", "(unknown module)"))
1620206447740	Marionette	INFO	Listening on port 40491
1620206447820	Marionette	WARN	TLS certificate errors will be ignored for this session
1620206449344	Marionette	INFO	Stopped listening on port 40491
1620206458553	geckodriver	INFO	Listening on 127.0.0.1:33801
1620206458563	mozrunner::runner	INFO	Running command: "/usr/bin/firefox" "--marionette" "-foreground" "-no-remote" "-profile" "/tmp/rust_mozprofileVJasYJ"
1620206459082	Marionette	INFO	Marionette enabled
console.warn: SearchSettings: "get: No settings file exists, new profile?" (new Error("", "(unknown module)"))
1620206461518	Marionette	INFO	Listening on port 36363
1620206461586	Marionette	WARN	TLS certificate errors will be ignored for this session
1620206488686	geckodriver	INFO	Listening on 127.0.0.1:40091
1620206488701	mozrunner::runner	INFO	Running command: "/usr/bin/firefox" "--marionette" "-foreground" "-no-remote" "-profile" "/tmp/rust_mozprofile6QmNNG"
1620206489273	Marionette	INFO	Marionette enabled
console.warn: SearchSettings: "get: No settings file exists, new profile?" (new Error("", "(unknown module)"))
1620206490997	Marionette	INFO	Listening on port 34953
1620206491063	Marionette	WARN	TLS certificate errors will be ignored for this session
Exiting due to channel error.
Exiting due to channel error.
Exiting due to channel error.
Exiting due to channel error.
Exiting due to channel error.
Exiting due to channel error.
1620206547804	geckodriver	INFO	Listening on 127.0.0.1:47355
1620206547811	mozrunner::runner	INFO	Running command: "/usr/bin/firefox" "--marionette" "-foreground" "-no-remote" "-profile" "/tmp/rust_mozprofileSENFbj"
1620206548323	Marionette	INFO	Marionette enabled
console.warn: SearchSettings: "get: No settings file exists, new profile?" (new Error("", "(unknown module)"))
1620206550586	Marionette	INFO	Listening on port 37825
1620206550634	Marionette	WARN	TLS certificate errors will be ignored for this session
1620206577818	geckodriver	INFO	Listening on 127.0.0.1:39921
1620206577830	mozrunner::runner	INFO	Running command: "/usr/bin/firefox" "--marionette" "-foreground" "-no-remote" "-profile" "/tmp/rust_mozprofileTvhI3n"
1620206578409	Marionette	INFO	Marionette enabled
console.warn: SearchSettings: "get: No settings file exists, new profile?" (new Error("", "(unknown module)"))
1620206580525	Marionette	INFO	Listening on port 34517
1620206580564	Marionette	WARN	TLS certificate errors will be ignored for this session
1620206581431	Marionette	INFO	Stopped listening on port 34517
Exiting due to channel error.
[GFX1-]: Receive IPC close with reason=AbnormalShutdown
Exiting due to channel error.
Exiting due to channel error.
1620206621354	geckodriver	INFO	Listening on 127.0.0.1:46739
1620206621359	mozrunner::runner	INFO	Running command: "/usr/bin/firefox" "--marionette" "-foreground" "-no-remote" "-profile" "/tmp/rust_mozprofileONCcGg"
1620206621905	Marionette	INFO	Marionette enabled
console.warn: SearchSettings: "get: No settings file exists, new profile?" (new Error("", "(unknown module)"))
1620206624083	Marionette	INFO	Listening on port 45311
1620206624193	Marionette	WARN	TLS certificate errors will be ignored for this session
Exiting due to channel error.
Exiting due to channel error.
Exiting due to channel error.
1620206676293	geckodriver	INFO	Listening on 127.0.0.1:41199
1620206676300	mozrunner::runner	INFO	Running command: "/usr/bin/firefox" "--marionette" "-foreground" "-no-remote" "-profile" "/tmp/rust_mozprofileY6Xrtd"
1620206676884	Marionette	INFO	Marionette enabled
console.warn: SearchSettings: "get: No settings file exists, new profile?" (new Error("", "(unknown module)"))
1620206679223	Marionette	INFO	Listening on port 36621
1620206679342	Marionette	WARN	TLS certificate errors will be ignored for this session
Exiting due to channel error.
[GFX1-]: Receive IPC close with reason=AbnormalShutdown
Exiting due to channel error.
Exiting due to channel error.
1620206734908	geckodriver	INFO	Listening on 127.0.0.1:44895
1620206734913	mozrunner::runner	INFO	Running command: "/usr/bin/firefox" "--marionette" "-foreground" "-no-remote" "-profile" "/tmp/rust_mozprofileDK1tBM"
1620206735442	Marionette	INFO	Marionette enabled
console.warn: SearchSettings: "get: No settings file exists, new profile?" (new Error("", "(unknown module)"))
1620206737805	Marionette	INFO	Listening on port 34373
1620206737844	Marionette	WARN	TLS certificate errors will be ignored for this session
[GFX1-]: Receive IPC close with reason=AbnormalShutdown
Exiting due to channel error.
Exiting due to channel error.
Exiting due to channel error.
1620206788203	geckodriver	INFO	Listening on 127.0.0.1:34193
1620206788210	mozrunner::runner	INFO	Running command: "/usr/bin/firefox" "--marionette" "-foreground" "-no-remote" "-profile" "/tmp/rust_mozprofilezc00Sv"
1620206788749	Marionette	INFO	Marionette enabled
console.warn: SearchSettings: "get: No settings file exists, new profile?" (new Error("", "(unknown module)"))
1620206790998	Marionette	INFO	Listening on port 36131
1620206791035	Marionette	WARN	TLS certificate errors will be ignored for this session
[GFX1-]: Receive IPC close with reason=AbnormalShutdown
Exiting due to channel error.
[GFX1-]: Receive IPC close with reason=AbnormalShutdown
Exiting due to channel error.
[GFX1-]: Receive IPC close with reason=AbnormalShutdown
Exiting due to channel error.
1620206887321	geckodriver	INFO	Listening on 127.0.0.1:40733
1620206887326	mozrunner::runner	INFO	Running command: "/usr/bin/firefox" "--marionette" "-foreground" "-no-remote" "-profile" "/tmp/rust_mozprofileCj4hri"
1620206887849	Marionette	INFO	Marionette enabled
console.warn: SearchSettings: "get: No settings file exists, new profile?" (new Error("", "(unknown module)"))
1620206890044	Marionette	INFO	Listening on port 37065
1620206890163	Marionette	WARN	TLS certificate errors will be ignored for this session
Exiting due to channel error.
Exiting due to channel error.
Exiting due to channel error.
1620207037258	geckodriver	INFO	Listening on 127.0.0.1:40579
1620207037263	mozrunner::runner	INFO	Running command: "/usr/bin/firefox" "--marionette" "-foreground" "-no-remote" "-profile" "/tmp/rust_mozprofile838dRx"
1620207037769	Marionette	INFO	Marionette enabled
console.warn: SearchSettings: "get: No settings file exists, new profile?" (new Error("", "(unknown module)"))
1620207040029	Marionette	INFO	Listening on port 33925
1620207040095	Marionette	WARN	TLS certificate errors will be ignored for this session
1620207118150	Marionette	INFO	Stopped listening on port 33925
1620207618083	geckodriver	INFO	Listening on 127.0.0.1:48087
1620207618089	mozrunner::runner	INFO	Running command: "/usr/bin/firefox" "--marionette" "-foreground" "-no-remote" "-profile" "/tmp/rust_mozprofilecqP5zl"
1620207618588	Marionette	INFO	Marionette enabled
console.warn: SearchSettings: "get: No settings file exists, new profile?" (new Error("", "(unknown module)"))
1620207620632	Marionette	INFO	Listening on port 46875
1620207620719	Marionette	WARN	TLS certificate errors will be ignored for this session
Exiting due to channel error.
Exiting due to channel error.
[GFX1-]: Receive IPC close with reason=AbnormalShutdown
Exiting due to channel error.
1620207647319	geckodriver	INFO	Listening on 127.0.0.1:50823
1620207647324	mozrunner::runner	INFO	Running command: "/usr/bin/firefox" "--marionette" "-foreground" "-no-remote" "-profile" "/tmp/rust_mozprofileo1rjKB"
1620207647852	Marionette	INFO	Marionette enabled
console.warn: SearchSettings: "get: No settings file exists, new profile?" (new Error("", "(unknown module)"))
1620207650000	Marionette	INFO	Listening on port 45639
1620207650054	Marionette	WARN	TLS certificate errors will be ignored for this session
Exiting due to channel error.
Exiting due to channel error.
Exiting due to channel error.
1620207726632	geckodriver	INFO	Listening on 127.0.0.1:60833
1620207726638	mozrunner::runner	INFO	Running command: "/usr/bin/firefox" "--marionette" "-foreground" "-no-remote" "-profile" "/tmp/rust_mozprofile3De74o"
1620207727133	Marionette	INFO	Marionette enabled
console.warn: SearchSettings: "get: No settings file exists, new profile?" (new Error("", "(unknown module)"))
1620207729413	Marionette	INFO	Listening on port 34035
1620207729475	Marionette	WARN	TLS certificate errors will be ignored for this session
Exiting due to channel error.
Exiting due to channel error.
Exiting due to channel error.
1620207803894	geckodriver	INFO	Listening on 127.0.0.1:36927
1620207803899	mozrunner::runner	INFO	Running command: "/usr/bin/firefox" "--marionette" "-foreground" "-no-remote" "-profile" "/tmp/rust_mozprofileu7KNK2"
1620207804437	Marionette	INFO	Marionette enabled
console.warn: SearchSettings: "get: No settings file exists, new profile?" (new Error("", "(unknown module)"))
1620207806559	Marionette	INFO	Listening on port 35275
1620207806621	Marionette	WARN	TLS certificate errors will be ignored for this session
JavaScript error: resource:///actors/ContentMetaChild.jsm, line 179: InvalidStateError: JSWindowActorChild.sendAsyncMessage: JSWindowActorChild cannot send at the moment
JavaScript error: resource:///actors/ContentMetaChild.jsm, line 179: InvalidStateError: JSWindowActorChild.sendAsyncMessage: JSWindowActorChild cannot send at the moment
JavaScript error: resource:///actors/ContentMetaChild.jsm, line 179: InvalidStateError: JSWindowActorChild.sendAsyncMessage: JSWindowActorChild cannot send at the moment
JavaScript error: resource:///actors/ContentMetaChild.jsm, line 179: InvalidStateError: JSWindowActorChild.sendAsyncMessage: JSWindowActorChild cannot send at the moment
JavaScript error: resource:///actors/ContentMetaChild.jsm, line 179: InvalidStateError: JSWindowActorChild.sendAsyncMessage: JSWindowActorChild cannot send at the moment
JavaScript error: resource:///actors/ContentMetaChild.jsm, line 179: InvalidStateError: JSWindowActorChild.sendAsyncMessage: JSWindowActorChild cannot send at the moment
JavaScript error: resource:///actors/ContentMetaChild.jsm, line 179: InvalidStateError: JSWindowActorChild.sendAsyncMessage: JSWindowActorChild cannot send at the moment
JavaScript error: resource:///actors/ContentMetaChild.jsm, line 179: InvalidStateError: JSWindowActorChild.sendAsyncMessage: JSWindowActorChild cannot send at the moment
JavaScript error: resource:///actors/ContentMetaChild.jsm, line 179: InvalidStateError: JSWindowActorChild.sendAsyncMessage: JSWindowActorChild cannot send at the moment
JavaScript error: resource:///actors/ContentMetaChild.jsm, line 179: InvalidStateError: JSWindowActorChild.sendAsyncMessage: JSWindowActorChild cannot send at the moment
JavaScript error: resource:///actors/ContentMetaChild.jsm, line 179: InvalidStateError: JSWindowActorChild.sendAsyncMessage: JSWindowActorChild cannot send at the moment
JavaScript error: resource:///actors/ContentMetaChild.jsm, line 179: InvalidStateError: JSWindowActorChild.sendAsyncMessage: JSWindowActorChild cannot send at the moment
Exiting due to channel error.
Exiting due to channel error.
Exiting due to channel error.
